        -:    0:Source:dominion.c
        -:    0:Graph:dominion.gcno
        -:    0:Data:dominion.gcda
        -:    0:Runs:1
        -:    0:Programs:1
        -:    1:#include "dominion.h"
        -:    2:#include "dominion_helpers.h"
        -:    3:#include "rngs.h"
        -:    4:#include <stdio.h>
        -:    5:#include <math.h>
        -:    6:#include <stdlib.h>
        -:    7:
  4350000:    8:int compare(const void* a, const void* b) {
  4350000:    9:  if (*(int*)a > *(int*)b)
    #####:   10:    return 1;
  4350000:   11:  if (*(int*)a < *(int*)b)
  1160000:   12:    return -1;
  3190000:   13:  return 0;
        -:   14:}
        -:   15:
    #####:   16:struct gameState* newGame() {
    #####:   17:  struct gameState* g = malloc(sizeof(struct gameState));
    #####:   18:  return g;
        -:   19:}
        -:   20:
    #####:   21:int* kingdomCards(int k1, int k2, int k3, int k4, int k5, int k6, int k7,
        -:   22:		  int k8, int k9, int k10) {
    #####:   23:  int* k = malloc(10 * sizeof(int));
    #####:   24:  k[0] = k1;
    #####:   25:  k[1] = k2;
    #####:   26:  k[2] = k3;
    #####:   27:  k[3] = k4;
    #####:   28:  k[4] = k5;
    #####:   29:  k[5] = k6;
    #####:   30:  k[6] = k7;
    #####:   31:  k[7] = k8;
    #####:   32:  k[8] = k9;
    #####:   33:  k[9] = k10;
    #####:   34:  return k;
        -:   35:}
        -:   36:
    90000:   37:int initializeGame(int numPlayers, int kingdomCards[10], int randomSeed,
        -:   38:		   struct gameState *state) {
        -:   39:
        -:   40:  int i;
        -:   41:  int j;
        -:   42:  int it;			
        -:   43:  //set up random number generator
    90000:   44:  SelectStream(1);
    90000:   45:  PutSeed((long)randomSeed);
        -:   46:  
        -:   47:  //check number of players
    90000:   48:  if (numPlayers > MAX_PLAYERS || numPlayers < 2)
        -:   49:    {
    #####:   50:      return -1;
        -:   51:    }
        -:   52:
        -:   53:  //set number of players
    90000:   54:  state->numPlayers = numPlayers;
        -:   55:
        -:   56:  //check selected kingdom cards are different
   990000:   57:  for (i = 0; i < 10; i++)
        -:   58:    {
  9900000:   59:      for (j = 0; j < 10; j++)
        -:   60:        {
  9000000:   61:	  if (j != i && kingdomCards[j] == kingdomCards[i])
        -:   62:	    {
    #####:   63:	      return -1;
        -:   64:	    }
        -:   65:        }
        -:   66:    }
        -:   67:
        -:   68:
        -:   69:  //initialize supply
        -:   70:  ///////////////////////////////
        -:   71:
        -:   72:  //set number of Curse cards
    90000:   73:  if (numPlayers == 2)
        -:   74:    {
    20000:   75:      state->supplyCount[curse] = 10;
        -:   76:    }
    70000:   77:  else if (numPlayers == 3)
        -:   78:    {
    30000:   79:      state->supplyCount[curse] = 20;
        -:   80:    }
        -:   81:  else
        -:   82:    {
    40000:   83:      state->supplyCount[curse] = 30;
        -:   84:    }
        -:   85:
        -:   86:  //set number of Victory cards
    90000:   87:  if (numPlayers == 2)
        -:   88:    {
    20000:   89:      state->supplyCount[estate] = 8;
    20000:   90:      state->supplyCount[duchy] = 8;
    20000:   91:      state->supplyCount[province] = 8;
        -:   92:    }
        -:   93:  else
        -:   94:    {
    70000:   95:      state->supplyCount[estate] = 12;
    70000:   96:      state->supplyCount[duchy] = 12;
    70000:   97:      state->supplyCount[province] = 12;
        -:   98:    }
        -:   99:
        -:  100:  //set number of Treasure cards
    90000:  101:  state->supplyCount[copper] = 60 - (7 * numPlayers);
    90000:  102:  state->supplyCount[silver] = 40;
    90000:  103:  state->supplyCount[gold] = 30;
        -:  104:
        -:  105:  //set number of Kingdom cards
  1890000:  106:  for (i = adventurer; i <= treasure_map; i++)       	//loop all cards
        -:  107:    {
 14850000:  108:      for (j = 0; j < 10; j++)           		//loop chosen cards
        -:  109:	{
 13950000:  110:	  if (kingdomCards[j] == i)
        -:  111:	    {
        -:  112:	      //check if card is a 'Victory' Kingdom card
   900000:  113:	      if (kingdomCards[j] == great_hall || kingdomCards[j] == gardens)
        -:  114:		{
    #####:  115:		  if (numPlayers == 2){ 
    #####:  116:		    state->supplyCount[i] = 8; 
        -:  117:		  }
    #####:  118:		  else{ state->supplyCount[i] = 12; }
        -:  119:		}
        -:  120:	      else
        -:  121:		{
   900000:  122:		  state->supplyCount[i] = 10;
        -:  123:		}
   900000:  124:	      break;
        -:  125:	    }
        -:  126:	  else    //card is not in the set choosen for the game
        -:  127:	    {
 13050000:  128:	      state->supplyCount[i] = -1;
        -:  129:	    }
        -:  130:	}
        -:  131:
        -:  132:    }
        -:  133:
        -:  134:  ////////////////////////
        -:  135:  //supply intilization complete
        -:  136:
        -:  137:  //set player decks
   380000:  138:  for (i = 0; i < numPlayers; i++)
        -:  139:    {
   290000:  140:      state->deckCount[i] = 0;
  1160000:  141:      for (j = 0; j < 3; j++)
        -:  142:	{
   870000:  143:	  state->deck[i][j] = estate;
   870000:  144:	  state->deckCount[i]++;
        -:  145:	}
  2320000:  146:      for (j = 3; j < 10; j++)
        -:  147:	{
  2030000:  148:	  state->deck[i][j] = copper;
  2030000:  149:	  state->deckCount[i]++;		
        -:  150:	}
        -:  151:    }
        -:  152:
        -:  153:  //shuffle player decks
   380000:  154:  for (i = 0; i < numPlayers; i++)
        -:  155:    {
   290000:  156:      if ( shuffle(i, state) < 0 )
        -:  157:	{
    #####:  158:	  return -1;
        -:  159:	}
        -:  160:    }
        -:  161:
        -:  162:  //draw player hands
   380000:  163:  for (i = 0; i < numPlayers; i++)
        -:  164:    {  
        -:  165:      //initialize hand size to zero
   290000:  166:      state->handCount[i] = 0;
   290000:  167:      state->discardCount[i] = 0;
        -:  168:      //draw 5 cards
        -:  169:      // for (j = 0; j < 5; j++)
        -:  170:      //	{
        -:  171:      //	  drawCard(i, state);
        -:  172:      //	}
        -:  173:    }
        -:  174:  
        -:  175:  //set embargo tokens to 0 for all supply piles
  2520000:  176:  for (i = 0; i <= treasure_map; i++)
        -:  177:    {
  2430000:  178:      state->embargoTokens[i] = 0;
        -:  179:    }
        -:  180:
        -:  181:  //initialize first player's turn
    90000:  182:  state->outpostPlayed = 0;
    90000:  183:  state->phase = 0;
    90000:  184:  state->numActions = 1;
    90000:  185:  state->numBuys = 1;
    90000:  186:  state->playedCardCount = 0;
    90000:  187:  state->whoseTurn = 0;
    90000:  188:  state->handCount[state->whoseTurn] = 0;
        -:  189:  //int it; move to top
        -:  190:
        -:  191:  //Moved draw cards to here, only drawing at the start of a turn
   540000:  192:  for (it = 0; it < 5; it++){
   450000:  193:    drawCard(state->whoseTurn, state);
        -:  194:  }
        -:  195:
    90000:  196:  updateCoins(state->whoseTurn, state, 0);
        -:  197:
    90000:  198:  return 0;
        -:  199:}
        -:  200:
   380000:  201:int shuffle(int player, struct gameState *state) {
        -:  202: 
        -:  203:
        -:  204:  int newDeck[MAX_DECK];
   380000:  205:  int newDeckPos = 0;
        -:  206:  int card;
        -:  207:  int i;
        -:  208:
   380000:  209:  if (state->deckCount[player] < 1)
    90000:  210:    return -1;
   290000:  211:  qsort ((void*)(state->deck[player]), state->deckCount[player], sizeof(int), compare); 
        -:  212:  /* SORT CARDS IN DECK TO ENSURE DETERMINISM! */
        -:  213:
  3480000:  214:  while (state->deckCount[player] > 0) {
  2900000:  215:    card = floor(Random() * state->deckCount[player]);
  2900000:  216:    newDeck[newDeckPos] = state->deck[player][card];
  2900000:  217:    newDeckPos++;
  9769777:  218:    for (i = card; i < state->deckCount[player]-1; i++) {
  6869777:  219:      state->deck[player][i] = state->deck[player][i+1];
        -:  220:    }
  2900000:  221:    state->deckCount[player]--;
        -:  222:  }
  3190000:  223:  for (i = 0; i < newDeckPos; i++) {
  2900000:  224:    state->deck[player][i] = newDeck[i];
  2900000:  225:    state->deckCount[player]++;
        -:  226:  }
        -:  227:
   290000:  228:  return 0;
        -:  229:}
        -:  230:
    #####:  231:int playCard(int handPos, int choice1, int choice2, int choice3, struct gameState *state) 
        -:  232:{	
        -:  233:  int card;
    #####:  234:  int coin_bonus = 0; 		//tracks coins gain from actions
        -:  235:
        -:  236:  //check if it is the right phase
    #####:  237:  if (state->phase != 0)
        -:  238:    {
    #####:  239:      return -1;
        -:  240:    }
        -:  241:	
        -:  242:  //check if player has enough actions
    #####:  243:  if ( state->numActions < 1 )
        -:  244:    {
    #####:  245:      return -1;
        -:  246:    }
        -:  247:	
        -:  248:  //get card played
    #####:  249:  card = handCard(handPos, state);
        -:  250:	
        -:  251:  //check if selected card is an action
    #####:  252:  if ( card < adventurer || card > treasure_map )
        -:  253:    {
    #####:  254:      return -1;
        -:  255:    }
        -:  256:	
        -:  257:  //play card
    #####:  258:  if ( cardEffect(card, choice1, choice2, choice3, state, handPos, &coin_bonus) < 0 )
        -:  259:    {
    #####:  260:      return -1;
        -:  261:    }
        -:  262:	
        -:  263:  //reduce number of actions
    #####:  264:  state->numActions--;
        -:  265:
        -:  266:  //update coins (Treasure cards may be added with card draws)
    #####:  267:  updateCoins(state->whoseTurn, state, coin_bonus);
        -:  268:	
    #####:  269:  return 0;
        -:  270:}
        -:  271:
    #####:  272:int buyCard(int supplyPos, struct gameState *state) {
        -:  273:  int who;
        -:  274:  if (DEBUG){
        -:  275:    printf("Entering buyCard...\n");
        -:  276:  }
        -:  277:
        -:  278:  // I don't know what to do about the phase thing.
        -:  279:
    #####:  280:  who = state->whoseTurn;
        -:  281:
    #####:  282:  if (state->numBuys < 1){
        -:  283:    if (DEBUG)
        -:  284:      printf("You do not have any buys left\n");
    #####:  285:    return -1;
    #####:  286:  } else if (supplyCount(supplyPos, state) <1){
        -:  287:    if (DEBUG)
        -:  288:      printf("There are not any of that type of card left\n");
    #####:  289:    return -1;
    #####:  290:  } else if (state->coins < getCost(supplyPos)){
        -:  291:    if (DEBUG) 
        -:  292:      printf("You do not have enough money to buy that. You have %d coins.\n", state->coins);
    #####:  293:    return -1;
        -:  294:  } else {
    #####:  295:    state->phase=1;
        -:  296:    //state->supplyCount[supplyPos]--;
    #####:  297:    gainCard(supplyPos, state, 0, who); //card goes in discard, this might be wrong.. (2 means goes into hand, 0 goes into discard)
        -:  298:  
    #####:  299:    state->coins = (state->coins) - (getCost(supplyPos));
    #####:  300:    state->numBuys--;
        -:  301:    if (DEBUG)
        -:  302:      printf("You bought card number %d for %d coins. You now have %d buys and %d coins.\n", supplyPos, getCost(supplyPos), state->numBuys, state->coins);
        -:  303:  }
        -:  304:
        -:  305:  //state->discard[who][state->discardCount[who]] = supplyPos;
        -:  306:  //state->discardCount[who]++;
        -:  307:    
    #####:  308:  return 0;
        -:  309:}
        -:  310:
    #####:  311:int numHandCards(struct gameState *state) {
    #####:  312:  return state->handCount[ whoseTurn(state) ];
        -:  313:}
        -:  314:
    #####:  315:int handCard(int handPos, struct gameState *state) {
    #####:  316:  int currentPlayer = whoseTurn(state);
    #####:  317:  return state->hand[currentPlayer][handPos];
        -:  318:}
        -:  319:
    #####:  320:int supplyCount(int card, struct gameState *state) {
    #####:  321:  return state->supplyCount[card];
        -:  322:}
        -:  323:
    #####:  324:int fullDeckCount(int player, int card, struct gameState *state) {
        -:  325:  int i;
    #####:  326:  int count = 0;
        -:  327:
    #####:  328:  for (i = 0; i < state->deckCount[player]; i++)
        -:  329:    {
    #####:  330:      if (state->deck[player][i] == card) count++;
        -:  331:    }
        -:  332:
    #####:  333:  for (i = 0; i < state->handCount[player]; i++)
        -:  334:    {
    #####:  335:      if (state->hand[player][i] == card) count++;
        -:  336:    }
        -:  337:
    #####:  338:  for (i = 0; i < state->discardCount[player]; i++)
        -:  339:    {
    #####:  340:      if (state->discard[player][i] == card) count++;
        -:  341:    }
        -:  342:
    #####:  343:  return count;
        -:  344:}
        -:  345:
    90000:  346:int whoseTurn(struct gameState *state) {
    90000:  347:  return state->whoseTurn;
        -:  348:}
        -:  349:
    #####:  350:int endTurn(struct gameState *state) {
        -:  351:  int k;
        -:  352:  int i;
    #####:  353:  int currentPlayer = whoseTurn(state);
        -:  354:  
        -:  355:  //Discard hand
    #####:  356:  for (i = 0; i < state->handCount[currentPlayer]; i++){
    #####:  357:    state->discard[currentPlayer][state->discardCount[currentPlayer]++] = state->hand[currentPlayer][i];//Discard
    #####:  358:    state->hand[currentPlayer][i] = -1;//Set card to -1
        -:  359:  }
    #####:  360:  state->handCount[currentPlayer] = 0;//Reset hand count
        -:  361:    
        -:  362:  //Code for determining the player
    #####:  363:  if (currentPlayer < (state->numPlayers - 1)){ 
    #####:  364:    state->whoseTurn = currentPlayer + 1;//Still safe to increment
        -:  365:  }
        -:  366:  else{
    #####:  367:    state->whoseTurn = 0;//Max player has been reached, loop back around to player 1
        -:  368:  }
        -:  369:
    #####:  370:  state->outpostPlayed = 0;
    #####:  371:  state->phase = 0;
    #####:  372:  state->numActions = 1;
    #####:  373:  state->coins = 0;
    #####:  374:  state->numBuys = 1;
    #####:  375:  state->playedCardCount = 0;
    #####:  376:  state->handCount[state->whoseTurn] = 0;
        -:  377:
        -:  378:  //int k; move to top
        -:  379:  //Next player draws hand
    #####:  380:  for (k = 0; k < 5; k++){
    #####:  381:    drawCard(state->whoseTurn, state);//Draw a card
        -:  382:  }
        -:  383:
        -:  384:  //Update money
    #####:  385:  updateCoins(state->whoseTurn, state , 0);
        -:  386:
    #####:  387:  return 0;
        -:  388:}
        -:  389:
    #####:  390:int isGameOver(struct gameState *state) {
        -:  391:  int i;
        -:  392:  int j;
        -:  393:	
        -:  394:  //if stack of Province cards is empty, the game ends
    #####:  395:  if (state->supplyCount[province] == 0)
        -:  396:    {
    #####:  397:      return 1;
        -:  398:    }
        -:  399:
        -:  400:  //if three supply pile are at 0, the game ends
    #####:  401:  j = 0;
    #####:  402:  for (i = 0; i < 25; i++)
        -:  403:    {
    #####:  404:      if (state->supplyCount[i] == 0)
        -:  405:	{
    #####:  406:	  j++;
        -:  407:	}
        -:  408:    }
    #####:  409:  if ( j >= 3)
        -:  410:    {
    #####:  411:      return 1;
        -:  412:    }
        -:  413:
    #####:  414:  return 0;
        -:  415:}
        -:  416:
    #####:  417:int scoreFor (int player, struct gameState *state) {
        -:  418:
        -:  419:  int i;
    #####:  420:  int score = 0;
        -:  421:  //score from hand
    #####:  422:  for (i = 0; i < state->handCount[player]; i++)
        -:  423:    {
    #####:  424:      if (state->hand[player][i] == curse) { score = score - 1; };
    #####:  425:      if (state->hand[player][i] == estate) { score = score + 1; };
    #####:  426:      if (state->hand[player][i] == duchy) { score = score + 3; };
    #####:  427:      if (state->hand[player][i] == province) { score = score + 6; };
    #####:  428:      if (state->hand[player][i] == great_hall) { score = score + 1; };
    #####:  429:      if (state->hand[player][i] == gardens) { score = score + ( fullDeckCount(player, 0, state) / 10 ); };
        -:  430:    }
        -:  431:
        -:  432:  //score from discard
    #####:  433:  for (i = 0; i < state->discardCount[player]; i++)
        -:  434:    {
    #####:  435:      if (state->discard[player][i] == curse) { score = score - 1; };
    #####:  436:      if (state->discard[player][i] == estate) { score = score + 1; };
    #####:  437:      if (state->discard[player][i] == duchy) { score = score + 3; };
    #####:  438:      if (state->discard[player][i] == province) { score = score + 6; };
    #####:  439:      if (state->discard[player][i] == great_hall) { score = score + 1; };
    #####:  440:      if (state->discard[player][i] == gardens) { score = score + ( fullDeckCount(player, 0, state) / 10 ); };
        -:  441:    }
        -:  442:
        -:  443:  //score from deck
    #####:  444:  for (i = 0; i < state->discardCount[player]; i++)
        -:  445:    {
    #####:  446:      if (state->deck[player][i] == curse) { score = score - 1; };
    #####:  447:      if (state->deck[player][i] == estate) { score = score + 1; };
    #####:  448:      if (state->deck[player][i] == duchy) { score = score + 3; };
    #####:  449:      if (state->deck[player][i] == province) { score = score + 6; };
    #####:  450:      if (state->deck[player][i] == great_hall) { score = score + 1; };
    #####:  451:      if (state->deck[player][i] == gardens) { score = score + ( fullDeckCount(player, 0, state) / 10 ); };
        -:  452:    }
        -:  453:
    #####:  454:  return score;
        -:  455:}
        -:  456:
    #####:  457:int getWinners(int players[MAX_PLAYERS], struct gameState *state) {
        -:  458:  int i;	
        -:  459:  int j;
        -:  460:  int highScore;
        -:  461:  int currentPlayer;
        -:  462:
        -:  463:  //get score for each player
    #####:  464:  for (i = 0; i < MAX_PLAYERS; i++)
        -:  465:    {
        -:  466:      //set unused player scores to -9999
    #####:  467:      if (i >= state->numPlayers)
        -:  468:	{
    #####:  469:	  players[i] = -9999;
        -:  470:	}
        -:  471:      else
        -:  472:	{
    #####:  473:	  players[i] = scoreFor (i, state);
        -:  474:	}
        -:  475:    }
        -:  476:
        -:  477:  //find highest score
    #####:  478:  j = 0;
    #####:  479:  for (i = 0; i < MAX_PLAYERS; i++)
        -:  480:    {
    #####:  481:      if (players[i] > players[j])
        -:  482:	{
    #####:  483:	  j = i;
        -:  484:	}
        -:  485:    }
    #####:  486:  highScore = players[j];
        -:  487:
        -:  488:  //add 1 to players who had less turns
    #####:  489:  currentPlayer = whoseTurn(state);
    #####:  490:  for (i = 0; i < MAX_PLAYERS; i++)
        -:  491:    {
    #####:  492:      if ( players[i] == highScore && i > currentPlayer )
        -:  493:	{
    #####:  494:	  players[i]++;
        -:  495:	}
        -:  496:    }
        -:  497:
        -:  498:  //find new highest score
    #####:  499:  j = 0;
    #####:  500:  for (i = 0; i < MAX_PLAYERS; i++)
        -:  501:    {
    #####:  502:      if ( players[i] > players[j] )
        -:  503:	{
    #####:  504:	  j = i;
        -:  505:	}
        -:  506:    }
    #####:  507:  highScore = players[j];
        -:  508:
        -:  509:  //set winners in array to 1 and rest to 0
    #####:  510:  for (i = 0; i < MAX_PLAYERS; i++)
        -:  511:    {
    #####:  512:      if ( players[i] == highScore )
        -:  513:	{
    #####:  514:	  players[i] = 1;
        -:  515:	}
        -:  516:      else
        -:  517:	{
    #####:  518:	  players[i] = 0;
        -:  519:	}
        -:  520:    }
        -:  521:
    #####:  522:  return 0;
        -:  523:}
        -:  524:
  1100000:  525:int drawCard(int player, struct gameState *state)
        -:  526:{	int count;
        -:  527:  int deckCounter;
  1100000:  528:  if (state->deckCount[player] <= 0){//Deck is empty
        -:  529:    
        -:  530:    //Step 1 Shuffle the discard pile back into a deck
        -:  531:    int i;
        -:  532:    //Move discard to deck
    90000:  533:    for (i = 0; i < state->discardCount[player];i++){
    #####:  534:      state->deck[player][i] = state->discard[player][i];
    #####:  535:      state->discard[player][i] = -1;
        -:  536:    }
        -:  537:
    90000:  538:    state->deckCount[player] = state->discardCount[player];
    90000:  539:    state->discardCount[player] = 0;//Reset discard
        -:  540:
        -:  541:    //Shufffle the deck
    90000:  542:    shuffle(player, state);//Shuffle the deck up and make it so that we can draw
        -:  543:   
        -:  544:    if (DEBUG){//Debug statements
        -:  545:      printf("Deck count now: %d\n", state->deckCount[player]);
        -:  546:    }
        -:  547:    
    90000:  548:    state->discardCount[player] = 0;
        -:  549:
        -:  550:    //Step 2 Draw Card
    90000:  551:    count = state->handCount[player];//Get current player's hand count
        -:  552:    
        -:  553:    if (DEBUG){//Debug statements
        -:  554:      printf("Current hand count: %d\n", count);
        -:  555:    }
        -:  556:    
    90000:  557:    deckCounter = state->deckCount[player];//Create a holder for the deck count
        -:  558:
    90000:  559:    if (deckCounter == 0)
    90000:  560:      return -1;
        -:  561:
    #####:  562:    state->hand[player][count] = state->deck[player][deckCounter - 1];//Add card to hand
    #####:  563:    state->deckCount[player]--;
    #####:  564:    state->handCount[player]++;//Increment hand count
        -:  565:  }
        -:  566:
        -:  567:  else{
  1010000:  568:    int count = state->handCount[player];//Get current hand count for player
        -:  569:    int deckCounter;
        -:  570:    if (DEBUG){//Debug statements
        -:  571:      printf("Current hand count: %d\n", count);
        -:  572:    }
        -:  573:
  1010000:  574:    deckCounter = state->deckCount[player];//Create holder for the deck count
  1010000:  575:    state->hand[player][count] = state->deck[player][deckCounter - 1];//Add card to the hand
  1010000:  576:    state->deckCount[player]--;
  1010000:  577:    state->handCount[player]++;//Increment hand count
        -:  578:  }
        -:  579:
  1010000:  580:  return 0;
        -:  581:}
        -:  582:
    #####:  583:int getCost(int cardNumber)
        -:  584:{
    #####:  585:  switch( cardNumber ) 
        -:  586:    {
        -:  587:    case curse:
    #####:  588:      return 0;
        -:  589:    case estate:
    #####:  590:      return 2;
        -:  591:    case duchy:
    #####:  592:      return 5;
        -:  593:    case province:
    #####:  594:      return 8;
        -:  595:    case copper:
    #####:  596:      return 0;
        -:  597:    case silver:
    #####:  598:      return 3;
        -:  599:    case gold:
    #####:  600:      return 6;
        -:  601:    case adventurer:
    #####:  602:      return 6;
        -:  603:    case council_room:
    #####:  604:      return 5;
        -:  605:    case feast:
    #####:  606:      return 4;
        -:  607:    case gardens:
    #####:  608:      return 4;
        -:  609:    case mine:
    #####:  610:      return 5;
        -:  611:    case remodel:
    #####:  612:      return 4;
        -:  613:    case smithy:
    #####:  614:      return 4;
        -:  615:    case village:
    #####:  616:      return 3;
        -:  617:    case baron:
    #####:  618:      return 4;
        -:  619:    case great_hall:
    #####:  620:      return 3;
        -:  621:    case minion:
    #####:  622:      return 5;
        -:  623:    case steward:
    #####:  624:      return 3;
        -:  625:    case tribute:
    #####:  626:      return 5;
        -:  627:    case ambassador:
    #####:  628:      return 3;
        -:  629:    case cutpurse:
    #####:  630:      return 4;
        -:  631:    case embargo: 
    #####:  632:      return 2;
        -:  633:    case outpost:
    #####:  634:      return 5;
        -:  635:    case salvager:
    #####:  636:      return 4;
        -:  637:    case sea_hag:
    #####:  638:      return 4;
        -:  639:    case treasure_map:
    #####:  640:      return 4;
        -:  641:    }
        -:  642:	
    #####:  643:  return -1;
        -:  644:}
        -:  645:/***************************
        -:  646:* Implement Adventurer Card
        -:  647:****************************/
    #####:  648:int adventurerImplement(struct gameState *state, int *handPos, int *bonus, int currentPlayer, int drawntreasure, int cardDrawn)
        -:  649:{
        -:  650:	// copied from the initial function
        -:  651:  	int temphand[MAX_HAND];// moved above the if statement
    #####:  652:  	int z = 0;// this is the counter for the temp hand
        -:  653:	//
        -:  654:	
    #####:  655:	while(drawntreasure<2){
    #####:  656:		if (state->deckCount[currentPlayer] <= 1){
        -:  657:			//if the deck is empty we need to shuffle discard and add to deck
    #####:  658:	  		shuffle(currentPlayer, state);
        -:  659:		}
    #####:  660:		drawCard(currentPlayer, state);
    #####:  661:		cardDrawn = state->hand[currentPlayer][state->handCount[currentPlayer]-1];//top card of hand is most recently drawn card.
    #####:  662:		if (cardDrawn == copper || cardDrawn == silver || cardDrawn == gold)
    #####:  663:	  		drawntreasure++;
        -:  664:		else 
        -:  665:		{
    #####:  666:	  		temphand[z]=cardDrawn;
    #####:  667:	  		state->handCount[currentPlayer]--; //this should just remove the top card (the most recently drawn one).
    #####:  668:	  		z++;
        -:  669:		}
        -:  670:	}
    #####:  671:	while(z-1>=0){
    #####:  672:		state->discard[currentPlayer][state->discardCount[currentPlayer]++]=temphand[z-1]; // discard all cards in play that have been drawn
    #####:  673:		z=z-1;
        -:  674:	}
    #####:  675:	return 0;
        -:  676:}
        -:  677:
        -:  678:/***********************
        -:  679:* Implement Smithy Card
        -:  680:************************/
    #####:  681:int smithyImplement(struct gameState *state, int *handPos, int currentPlayer)
        -:  682:{
        -:  683:	// code copy and pasted from original dominion file
        -:  684:	//+3 Cards
        -:  685:	int i;
    #####:  686:	for (i = 0; i < 3; i++)
        -:  687:	{
    #####:  688:		drawCard(currentPlayer, state);
        -:  689:	}
        -:  690:			
        -:  691:	//discard card from hand
    #####:  692:	discardCard(handPos, currentPlayer, state, 0);
    #####:  693:	return 1;
        -:  694:}
        -:  695:
        -:  696:/***********************************
        -:  697: * Implement Outpost Card
        -:  698: **********************************/
    #####:  699:int outpostImplement(struct gameState *state, int *handPos, int currentPlayer)
        -:  700:{
        -:  701:	//set outpost flag
    #####:  702:	state->outpostPlayed++;
        -:  703:			
        -:  704:	//discard card
    #####:  705:	discardCard(handPos, currentPlayer+1, state, 0);
    #####:  706:	return 0;
        -:  707:} 
        -:  708:
        -:  709:
        -:  710:/**********************************
        -:  711: * Implement Village Card
        -:  712: *********************************/
    #####:  713:int villageImplement(struct gameState *state, int *handPos, int currentPlayer)
        -:  714:{
        -:  715:	//+1 Card
    #####:  716:	drawCard(currentPlayer, state);
        -:  717:			
        -:  718:	//+2 Actions
    #####:  719:	state->numActions = state->numActions + 2;
        -:  720:			
        -:  721:	//discard played card from hand
    #####:  722:	discardCard(handPos, currentPlayer, state, 0);
    #####:  723:	return 0;
        -:  724:}	
        -:  725:
        -:  726:/**********************************
        -:  727: * Implement Council Room Card
        -:  728: *********************************/
    90000:  729:int council_roomImplement(struct gameState *state, int *handPos, int currentPlayer)
        -:  730:{
        -:  731:	int i;
        -:  732:	//+4 Cards
   450000:  733:	for (i = 0; i < 4; i++)
        -:  734:	{
   360000:  735:		drawCard(currentPlayer, state);
        -:  736:	}
        -:  737:			
        -:  738:	//+1 Buy
    90000:  739:	state->numBuys++;
        -:  740:			
        -:  741:	//Each other player draws a card
   470000:  742:	for (i = 0; i <= state->numPlayers; i++)
        -:  743:	{
   380000:  744:		if ( i != currentPlayer )
        -:  745:		{
   290000:  746:			drawCard(i, state);
        -:  747:		}
        -:  748:	}
        -:  749:			
        -:  750:	//put played card in played card pile
    90000:  751:	discardCard(handPos, currentPlayer, state, 0);
        -:  752:	
    90000:  753:	return 0;
        -:  754:}
        -:  755:
        -:  756:/*******************************
        -:  757: * Card Effect Function provided
        -:  758: *******************************/
    90000:  759:int cardEffect(int card, int choice1, int choice2, int choice3, struct gameState *state, int handPos, int *bonus)
        -:  760:{
        -:  761:  int i;
        -:  762:  int j;
        -:  763:  int k;
        -:  764:  int x;
        -:  765:  int index;
    90000:  766:  int currentPlayer = whoseTurn(state);
    90000:  767:  int nextPlayer = currentPlayer + 1;
        -:  768:
    90000:  769:  int tributeRevealedCards[2] = {-1, -1};
        -:  770:  int temphand[MAX_HAND];// moved above the if statement
        -:  771:
        -:  772:
    90000:  773:  int drawntreasure=0;
        -:  774:  int cardDrawn;
    90000:  775:  int z = 0;// this is the counter for the temp hand
    90000:  776:  if (nextPlayer > (state->numPlayers - 1)){
    30000:  777:    nextPlayer = 0;
        -:  778:  }
        -:  779:	
        -:  780:  //uses switch to select card and perform actions
        -:  781:  int returnValue;
    90000:  782:  switch( card ) 
        -:  783:    {
        -:  784:
        -:  785:    case adventurer:
        -:  786:
        -:  787:	// Implemented in function per Assignment 2
    #####:  788:	returnValue = adventurerImplement(state, handPos, &bonus, currentPlayer, drawntreasure, cardDrawn);
    #####:  789:	return returnValue;
        -:  790:			
        -:  791:    case council_room:
        -:  792:
        -:  793:	// Implemented in function per Assignment 2
    90000:  794:	returnValue = council_roomImplement(state, handPos, currentPlayer);
    90000:  795:	return returnValue;
        -:  796:			
        -:  797:    case feast:
        -:  798:      //gain card with cost up to 5
        -:  799:      //Backup hand
    #####:  800:      for (i = 0; i <= state->handCount[currentPlayer]; i++){
    #####:  801:	temphand[i] = state->hand[currentPlayer][i];//Backup card
    #####:  802:	state->hand[currentPlayer][i] = -1;//Set to nothing
        -:  803:      }
        -:  804:      //Backup hand
        -:  805:
        -:  806:      //Update Coins for Buy
    #####:  807:      updateCoins(currentPlayer, state, 5);
    #####:  808:      x = 1;//Condition to loop on
    #####:  809:      while( x == 1) {//Buy one card
    #####:  810:	if (supplyCount(choice1, state) <= 0){
        -:  811:	  if (DEBUG)
        -:  812:	    printf("None of that card left, sorry!\n");
        -:  813:
        -:  814:	  if (DEBUG){
        -:  815:	    printf("Cards Left: %d\n", supplyCount(choice1, state));
        -:  816:	  }
        -:  817:	}
    #####:  818:	else if (state->coins < getCost(choice1)){
    #####:  819:	  printf("That card is too expensive!\n");
        -:  820:
        -:  821:	  if (DEBUG){
        -:  822:	    printf("Coins: %d < %d\n", state->coins, getCost(choice1));
        -:  823:	  }
        -:  824:	}
        -:  825:	else{
        -:  826:
        -:  827:	  if (DEBUG){
        -:  828:	    printf("Deck Count: %d\n", state->handCount[currentPlayer] + state->deckCount[currentPlayer] + state->discardCount[currentPlayer]);
        -:  829:	  }
        -:  830:
    #####:  831:	  gainCard(choice1, state, 0, currentPlayer);//Gain the card
    #####:  832:	  x = 0;//No more buying cards
        -:  833:
        -:  834:	  if (DEBUG){
        -:  835:	    printf("Deck Count: %d\n", state->handCount[currentPlayer] + state->deckCount[currentPlayer] + state->discardCount[currentPlayer]);
        -:  836:	  }
        -:  837:
        -:  838:	}
        -:  839:      }     
        -:  840:
        -:  841:      //Reset Hand
    #####:  842:      for (i = 0; i <= state->handCount[currentPlayer]; i++){
    #####:  843:	state->hand[currentPlayer][i] = temphand[i];
    #####:  844:	temphand[i] = -1;
        -:  845:      }
        -:  846:      //Reset Hand
        -:  847:      			
    #####:  848:      return 0;
        -:  849:			
        -:  850:    case gardens:
    #####:  851:      return -1;
        -:  852:			
        -:  853:    case mine:
    #####:  854:      j = state->hand[currentPlayer][choice1];  //store card we will trash
        -:  855:
    #####:  856:      if (state->hand[currentPlayer][choice1] < copper || state->hand[currentPlayer][choice1] > gold)
        -:  857:	{
    #####:  858:	  return -1;
        -:  859:	}
        -:  860:		
    #####:  861:      if (choice2 > treasure_map || choice2 < curse)
        -:  862:	{
    #####:  863:	  return -1;
        -:  864:	}
        -:  865:
    #####:  866:      if ( (getCost(state->hand[currentPlayer][choice1]) + 3) > getCost(choice2) )
        -:  867:	{
    #####:  868:	  return -1;
        -:  869:	}
        -:  870:
    #####:  871:      gainCard(choice2, state, 2, currentPlayer);
        -:  872:
        -:  873:      //discard card from hand
    #####:  874:      discardCard(handPos, currentPlayer, state, 0);
        -:  875:
        -:  876:      //discard trashed card
    #####:  877:      for (i = 0; i < state->handCount[currentPlayer]; i++)
        -:  878:	{
    #####:  879:	  if (state->hand[currentPlayer][i] == j)
        -:  880:	    {
    #####:  881:	      discardCard(i, currentPlayer, state, 0);			
    #####:  882:	      break;
        -:  883:	    }
        -:  884:	}
        -:  885:			
    #####:  886:      return 0;
        -:  887:			
        -:  888:    case remodel:
    #####:  889:      j = state->hand[currentPlayer][choice1];  //store card we will trash
        -:  890:
    #####:  891:      if ( (getCost(state->hand[currentPlayer][choice1]) + 2) > getCost(choice2) )
        -:  892:	{
    #####:  893:	  return -1;
        -:  894:	}
        -:  895:
    #####:  896:      gainCard(choice2, state, 0, currentPlayer);
        -:  897:
        -:  898:      //discard card from hand
    #####:  899:      discardCard(handPos, currentPlayer, state, 0);
        -:  900:
        -:  901:      //discard trashed card
    #####:  902:      for (i = 0; i < state->handCount[currentPlayer]; i++)
        -:  903:	{
    #####:  904:	  if (state->hand[currentPlayer][i] == j)
        -:  905:	    {
    #####:  906:	      discardCard(i, currentPlayer, state, 0);			
    #####:  907:	      break;
        -:  908:	    }
        -:  909:	}
        -:  910:
        -:  911:
    #####:  912:      return 0;
        -:  913:		
        -:  914:    case smithy:
        -:  915:
        -:  916:	// refactored into a function per assignment 2
    #####:  917:	returnValue = smithyImplement(state, handPos, currentPlayer);
    #####:  918:	return returnValue;
        -:  919:		
        -:  920:    case village:
        -:  921:
    #####:  922:	returnValue = villageImplement(state, handPos, currentPlayer);
    #####:  923:	return returnValue;
        -:  924:		
        -:  925:    case baron:
    #####:  926:      state->numBuys++;//Increase buys by 1!
    #####:  927:      if (choice1 > 0){//Boolean true or going to discard an estate
    #####:  928:	int p = 0;//Iterator for hand!
    #####:  929:	int card_not_discarded = 1;//Flag for discard set!
    #####:  930:	while(card_not_discarded){
    #####:  931:	  if (state->hand[currentPlayer][p] == estate){//Found an estate card!
    #####:  932:	    state->coins += 4;//Add 4 coins to the amount of coins
    #####:  933:	    state->discard[currentPlayer][state->discardCount[currentPlayer]] = state->hand[currentPlayer][p];
    #####:  934:	    state->discardCount[currentPlayer]++;
    #####:  935:	    for (;p < state->handCount[currentPlayer]; p++){
    #####:  936:	      state->hand[currentPlayer][p] = state->hand[currentPlayer][p+1];
        -:  937:	    }
    #####:  938:	    state->hand[currentPlayer][state->handCount[currentPlayer]] = -1;
    #####:  939:	    state->handCount[currentPlayer]--;
    #####:  940:	    card_not_discarded = 0;//Exit the loop
        -:  941:	  }
    #####:  942:	  else if (p > state->handCount[currentPlayer]){
        -:  943:	    if(DEBUG) {
        -:  944:	      printf("No estate cards in your hand, invalid choice\n");
        -:  945:	      printf("Must gain an estate if there are any\n");
        -:  946:	    }
    #####:  947:	    if (supplyCount(estate, state) > 0){
    #####:  948:	      gainCard(estate, state, 0, currentPlayer);
    #####:  949:	      state->supplyCount[estate]--;//Decrement estates
    #####:  950:	      if (supplyCount(estate, state) == 0){
    #####:  951:		isGameOver(state);
        -:  952:	      }
        -:  953:	    }
    #####:  954:	    card_not_discarded = 0;//Exit the loop
        -:  955:	  }
        -:  956:			    
        -:  957:	  else{
    #####:  958:	    p++;//Next card
        -:  959:	  }
        -:  960:	}
        -:  961:      }
        -:  962:			    
        -:  963:      else{
    #####:  964:	if (supplyCount(estate, state) > 0){
    #####:  965:	  gainCard(estate, state, 0, currentPlayer);//Gain an estate
    #####:  966:	  state->supplyCount[estate]--;//Decrement Estates
    #####:  967:	  if (supplyCount(estate, state) == 0){
    #####:  968:	    isGameOver(state);
        -:  969:	  }
        -:  970:	}
        -:  971:      }
        -:  972:	    
        -:  973:      
    #####:  974:      return 0;
        -:  975:		
        -:  976:    case great_hall:
        -:  977:      //+1 Card
    #####:  978:      drawCard(currentPlayer, state);
        -:  979:			
        -:  980:      //+1 Actions
    #####:  981:      state->numActions++;
        -:  982:			
        -:  983:      //discard card from hand
    #####:  984:      discardCard(handPos, currentPlayer, state, 0);
    #####:  985:      return 0;
        -:  986:		
        -:  987:    case minion:
        -:  988:      //+1 action
    #####:  989:      state->numActions++;
        -:  990:			
        -:  991:      //discard card from hand
    #####:  992:      discardCard(handPos, currentPlayer, state, 0);
        -:  993:			
    #####:  994:      if (choice1)		//+2 coins
        -:  995:	{
    #####:  996:	  state->coins = state->coins + 2;
        -:  997:	}
        -:  998:			
    #####:  999:      else if (choice2)		//discard hand, redraw 4, other players with 5+ cards discard hand and draw 4
        -: 1000:	{
        -: 1001:	  //discard hand
    #####: 1002:	  while(numHandCards(state) > 0)
        -: 1003:	    {
    #####: 1004:	      discardCard(handPos, currentPlayer, state, 0);
        -: 1005:	    }
        -: 1006:				
        -: 1007:	  //draw 4
    #####: 1008:	  for (i = 0; i < 4; i++)
        -: 1009:	    {
    #####: 1010:	      drawCard(currentPlayer, state);
        -: 1011:	    }
        -: 1012:				
        -: 1013:	  //other players discard hand and redraw if hand size > 4
    #####: 1014:	  for (i = 0; i < state->numPlayers; i++)
        -: 1015:	    {
    #####: 1016:	      if (i != currentPlayer)
        -: 1017:		{
    #####: 1018:		  if ( state->handCount[i] > 4 )
        -: 1019:		    {
        -: 1020:		      //discard hand
    #####: 1021:		      while( state->handCount[i] > 0 )
        -: 1022:			{
    #####: 1023:			  discardCard(handPos, i, state, 0);
        -: 1024:			}
        -: 1025:							
        -: 1026:		      //draw 4
    #####: 1027:		      for (j = 0; j < 4; j++)
        -: 1028:			{
    #####: 1029:			  drawCard(i, state);
        -: 1030:			}
        -: 1031:		    }
        -: 1032:		}
        -: 1033:	    }
        -: 1034:				
        -: 1035:	}
    #####: 1036:      return 0;
        -: 1037:		
        -: 1038:    case steward:
    #####: 1039:      if (choice1 == 1)
        -: 1040:	{
        -: 1041:	  //+2 cards
    #####: 1042:	  drawCard(currentPlayer, state);
    #####: 1043:	  drawCard(currentPlayer, state);
        -: 1044:	}
    #####: 1045:      else if (choice1 == 2)
        -: 1046:	{
        -: 1047:	  //+2 coins
    #####: 1048:	  state->coins = state->coins + 2;
        -: 1049:	}
        -: 1050:      else
        -: 1051:	{
        -: 1052:	  //trash 2 cards in hand
    #####: 1053:	  discardCard(choice2, currentPlayer, state, 1);
    #####: 1054:	  discardCard(choice3, currentPlayer, state, 1);
        -: 1055:	}
        -: 1056:			
        -: 1057:      //discard card from hand
    #####: 1058:      discardCard(handPos, currentPlayer, state, 0);
    #####: 1059:      return 0;
        -: 1060:		
        -: 1061:    case tribute:
    #####: 1062:      if ((state->discardCount[nextPlayer] + state->deckCount[nextPlayer]) <= 1){
    #####: 1063:	if (state->deckCount[nextPlayer] > 0){
    #####: 1064:	  tributeRevealedCards[0] = state->deck[nextPlayer][state->deckCount[nextPlayer]-1];
    #####: 1065:	  state->deckCount[nextPlayer]--;
        -: 1066:	}
    #####: 1067:	else if (state->discardCount[nextPlayer] > 0){
    #####: 1068:	  tributeRevealedCards[0] = state->discard[nextPlayer][state->discardCount[nextPlayer]-1];
    #####: 1069:	  state->discardCount[nextPlayer]--;
        -: 1070:	}
        -: 1071:	else{
        -: 1072:	  //No Card to Reveal
        -: 1073:	  if (DEBUG){
        -: 1074:	    printf("No cards to reveal\n");
        -: 1075:	  }
        -: 1076:	}
        -: 1077:      }
        -: 1078:	    
        -: 1079:      else{
    #####: 1080:	if (state->deckCount[nextPlayer] == 0){
    #####: 1081:	  for (i = 0; i < state->discardCount[nextPlayer]; i++){
    #####: 1082:	    state->deck[nextPlayer][i] = state->discard[nextPlayer][i];//Move to deck
    #####: 1083:	    state->deckCount[nextPlayer]++;
    #####: 1084:	    state->discard[nextPlayer][i] = -1;
    #####: 1085:	    state->discardCount[nextPlayer]--;
        -: 1086:	  }
        -: 1087:			    
    #####: 1088:	  shuffle(nextPlayer,state);//Shuffle the deck
        -: 1089:	} 
    #####: 1090:	tributeRevealedCards[0] = state->deck[nextPlayer][state->deckCount[nextPlayer]-1];
    #####: 1091:	state->deck[nextPlayer][state->deckCount[nextPlayer]--] = -1;
    #####: 1092:	state->deckCount[nextPlayer]--;
    #####: 1093:	tributeRevealedCards[1] = state->deck[nextPlayer][state->deckCount[nextPlayer]-1];
    #####: 1094:	state->deck[nextPlayer][state->deckCount[nextPlayer]--] = -1;
    #####: 1095:	state->deckCount[nextPlayer]--;
        -: 1096:      }    
        -: 1097:		       
    #####: 1098:      if (tributeRevealedCards[0] == tributeRevealedCards[1]){//If we have a duplicate card, just drop one 
    #####: 1099:	state->playedCards[state->playedCardCount] = tributeRevealedCards[1];
    #####: 1100:	state->playedCardCount++;
    #####: 1101:	tributeRevealedCards[1] = -1;
        -: 1102:      }
        -: 1103:
    #####: 1104:      for (i = 0; i <= 2; i ++){
    #####: 1105:	if (tributeRevealedCards[i] == copper || tributeRevealedCards[i] == silver || tributeRevealedCards[i] == gold){//Treasure cards
    #####: 1106:	  state->coins += 2;
        -: 1107:	}
        -: 1108:		    
    #####: 1109:	else if (tributeRevealedCards[i] == estate || tributeRevealedCards[i] == duchy || tributeRevealedCards[i] == province || tributeRevealedCards[i] == gardens || tributeRevealedCards[i] == great_hall){//Victory Card Found
    #####: 1110:	  drawCard(currentPlayer, state);
    #####: 1111:	  drawCard(currentPlayer, state);
        -: 1112:	}
        -: 1113:	else{//Action Card
    #####: 1114:	  state->numActions = state->numActions + 2;
        -: 1115:	}
        -: 1116:      }
        -: 1117:	    
    #####: 1118:      return 0;
        -: 1119:		
        -: 1120:    case ambassador:
    #####: 1121:      j = 0;		//used to check if player has enough cards to discard
        -: 1122:
    #####: 1123:      if (choice2 > 2 || choice2 < 0)
        -: 1124:	{
    #####: 1125:	  return -1;				
        -: 1126:	}
        -: 1127:
    #####: 1128:      if (choice1 == handPos)
        -: 1129:	{
    #####: 1130:	  return -1;
        -: 1131:	}
        -: 1132:
    #####: 1133:      for (i = 0; i < state->handCount[currentPlayer]; i++)
        -: 1134:	{
    #####: 1135:	  if (i != handPos && i == state->hand[currentPlayer][choice1] && i != choice1)
        -: 1136:	    {
    #####: 1137:	      j++;
        -: 1138:	    }
        -: 1139:	}
    #####: 1140:      if (j < choice2)
        -: 1141:	{
    #####: 1142:	  return -1;				
        -: 1143:	}
        -: 1144:
        -: 1145:      if (DEBUG) 
        -: 1146:	printf("Player %d reveals card number: %d\n", currentPlayer, state->hand[currentPlayer][choice1]);
        -: 1147:
        -: 1148:      //increase supply count for choosen card by amount being discarded
    #####: 1149:      state->supplyCount[state->hand[currentPlayer][choice1]] += choice2;
        -: 1150:			
        -: 1151:      //each other player gains a copy of revealed card
    #####: 1152:      for (i = 0; i < state->numPlayers; i++)
        -: 1153:	{
    #####: 1154:	  if (i != currentPlayer)
        -: 1155:	    {
    #####: 1156:	      gainCard(state->hand[currentPlayer][choice1], state, 0, i);
        -: 1157:	    }
        -: 1158:	}
        -: 1159:
        -: 1160:      //discard played card from hand
    #####: 1161:      discardCard(handPos, currentPlayer, state, 0);			
        -: 1162:
        -: 1163:      //trash copies of cards returned to supply
    #####: 1164:      for (j = 0; j < choice2; j++)
        -: 1165:	{
    #####: 1166:	  for (i = 0; i < state->handCount[currentPlayer]; i++)
        -: 1167:	    {
    #####: 1168:	      if (state->hand[currentPlayer][i] == state->hand[currentPlayer][choice1])
        -: 1169:		{
    #####: 1170:		  discardCard(i, currentPlayer, state, 1);
    #####: 1171:		  break;
        -: 1172:		}
        -: 1173:	    }
        -: 1174:	}			
        -: 1175:
    #####: 1176:      return 0;
        -: 1177:		
        -: 1178:    case cutpurse:
        -: 1179:
    #####: 1180:      updateCoins(currentPlayer, state, 2);
    #####: 1181:      for (i = 0; i < state->numPlayers; i++)
        -: 1182:	{
    #####: 1183:	  if (i != currentPlayer)
        -: 1184:	    {
    #####: 1185:	      for (j = 0; j < state->handCount[i]; j++)
        -: 1186:		{
    #####: 1187:		  if (state->hand[i][j] == copper)
        -: 1188:		    {
    #####: 1189:		      discardCard(j, i, state, 0);
    #####: 1190:		      break;
        -: 1191:		    }
    #####: 1192:		  if (j == state->handCount[i])
        -: 1193:		    {
    #####: 1194:		      for (k = 0; k < state->handCount[i]; k++)
        -: 1195:			{
        -: 1196:			  if (DEBUG)
        -: 1197:			    printf("Player %d reveals card number %d\n", i, state->hand[i][k]);
        -: 1198:			}	
    #####: 1199:		      break;
        -: 1200:		    }		
        -: 1201:		}
        -: 1202:					
        -: 1203:	    }
        -: 1204:				
        -: 1205:	}				
        -: 1206:
        -: 1207:      //discard played card from hand
    #####: 1208:      discardCard(handPos, currentPlayer, state, 0);			
        -: 1209:
    #####: 1210:      return 0;
        -: 1211:
        -: 1212:		
        -: 1213:    case embargo: 
        -: 1214:      //+2 Coins
    #####: 1215:      state->coins = state->coins + 2;
        -: 1216:			
        -: 1217:      //see if selected pile is in play
    #####: 1218:      if ( state->supplyCount[choice1] == -1 )
        -: 1219:	{
    #####: 1220:	  return -1;
        -: 1221:	}
        -: 1222:			
        -: 1223:      //add embargo token to selected supply pile
    #####: 1224:      state->embargoTokens[choice1]++;
        -: 1225:			
        -: 1226:      //trash card
    #####: 1227:      discardCard(handPos, currentPlayer, state, 1);		
    #####: 1228:      return 0;
        -: 1229:		
        -: 1230:    case outpost:
        -: 1231:      // Implement in Function per Assignment 2
    #####: 1232:      returnValue = outpostImplement(state, handPos, currentPlayer);
    #####: 1233:      return returnValue;
        -: 1234:		
        -: 1235:    case salvager:
        -: 1236:      //+1 buy
    #####: 1237:      state->numBuys++;
        -: 1238:			
    #####: 1239:      if (choice1)
        -: 1240:	{
        -: 1241:	  //gain coins equal to trashed card
    #####: 1242:	  state->coins = state->coins + getCost( handCard(choice1, state) );
        -: 1243:	  //trash card
    #####: 1244:	  discardCard(choice1, currentPlayer, state, 1);	
        -: 1245:	}
        -: 1246:			
        -: 1247:      //discard card
    #####: 1248:      discardCard(handPos, currentPlayer, state, 0);
    #####: 1249:      return 0;
        -: 1250:		
        -: 1251:    case sea_hag:
    #####: 1252:      for (i = 0; i < state->numPlayers; i++){
    #####: 1253:	if (i != currentPlayer){
    #####: 1254:	  state->discard[i][state->discardCount[i]] = state->deck[i][state->deckCount[i]--];			    state->deckCount[i]--;
    #####: 1255:	  state->discardCount[i]++;
    #####: 1256:	  state->deck[i][state->deckCount[i]--] = curse;//Top card now a curse
        -: 1257:	}
        -: 1258:      }
    #####: 1259:      return 0;
        -: 1260:		
        -: 1261:    case treasure_map:
        -: 1262:      //search hand for another treasure_map
    #####: 1263:      index = -1;
    #####: 1264:      for (i = 0; i < state->handCount[currentPlayer]; i++)
        -: 1265:	{
    #####: 1266:	  if (state->hand[currentPlayer][i] == treasure_map && i != handPos)
        -: 1267:	    {
    #####: 1268:	      index = i;
    #####: 1269:	      break;
        -: 1270:	    }
        -: 1271:	}
    #####: 1272:      if (index > -1)
        -: 1273:	{
        -: 1274:	  //trash both treasure cards
    #####: 1275:	  discardCard(handPos, currentPlayer, state, 1);
    #####: 1276:	  discardCard(index, currentPlayer, state, 1);
        -: 1277:
        -: 1278:	  //gain 4 Gold cards
    #####: 1279:	  for (i = 0; i < 4; i++)
        -: 1280:	    {
    #####: 1281:	      gainCard(gold, state, 1, currentPlayer);
        -: 1282:	    }
        -: 1283:				
        -: 1284:	  //return success
    #####: 1285:	  return 1;
        -: 1286:	}
        -: 1287:			
        -: 1288:      //no second treasure_map found in hand
    #####: 1289:      return -1;
        -: 1290:    }
        -: 1291:	
    #####: 1292:  return -1;
        -: 1293:}
        -: 1294:
    90000: 1295:int discardCard(int handPos, int currentPlayer, struct gameState *state, int trashFlag)
        -: 1296:{
        -: 1297:	
        -: 1298:  //if card is not trashed, added to Played pile 
    90000: 1299:  if (trashFlag < 1)
        -: 1300:    {
        -: 1301:      //add card to played pile
    90000: 1302:      state->playedCards[state->playedCardCount] = state->hand[currentPlayer][handPos]; 
    90000: 1303:      state->playedCardCount++;
        -: 1304:    }
        -: 1305:	
        -: 1306:  //set played card to -1
    90000: 1307:  state->hand[currentPlayer][handPos] = -1;
        -: 1308:	
        -: 1309:  //remove card from player's hand
    90000: 1310:  if ( handPos == (state->handCount[currentPlayer] - 1) ) 	//last card in hand array is played
        -: 1311:    {
        -: 1312:      //reduce number of cards in hand
    #####: 1313:      state->handCount[currentPlayer]--;
        -: 1314:    }
    90000: 1315:  else if ( state->handCount[currentPlayer] == 1 ) //only one card in hand
        -: 1316:    {
        -: 1317:      //reduce number of cards in hand
    #####: 1318:      state->handCount[currentPlayer]--;
        -: 1319:    }
        -: 1320:  else 	
        -: 1321:    {
        -: 1322:      //replace discarded card with last card in hand
    90000: 1323:      state->hand[currentPlayer][handPos] = state->hand[currentPlayer][ (state->handCount[currentPlayer] - 1)];
        -: 1324:      //set last card to -1
    90000: 1325:      state->hand[currentPlayer][state->handCount[currentPlayer] - 1] = -1;
        -: 1326:      //reduce number of cards in hand
    90000: 1327:      state->handCount[currentPlayer]--;
        -: 1328:    }
        -: 1329:	
    90000: 1330:  return 0;
        -: 1331:}
        -: 1332:
    #####: 1333:int gainCard(int supplyPos, struct gameState *state, int toFlag, int player)
        -: 1334:{
        -: 1335:  //Note: supplyPos is enum of choosen card
        -: 1336:	
        -: 1337:  //check if supply pile is empty (0) or card is not used in game (-1)
    #####: 1338:  if ( supplyCount(supplyPos, state) < 1 )
        -: 1339:    {
    #####: 1340:      return -1;
        -: 1341:    }
        -: 1342:	
        -: 1343:  //added card for [whoseTurn] current player:
        -: 1344:  // toFlag = 0 : add to discard
        -: 1345:  // toFlag = 1 : add to deck
        -: 1346:  // toFlag = 2 : add to hand
        -: 1347:
    #####: 1348:  if (toFlag == 1)
        -: 1349:    {
    #####: 1350:      state->deck[ player ][ state->deckCount[player] ] = supplyPos;
    #####: 1351:      state->deckCount[player]++;
        -: 1352:    }
    #####: 1353:  else if (toFlag == 2)
        -: 1354:    {
    #####: 1355:      state->hand[ player ][ state->handCount[player] ] = supplyPos;
    #####: 1356:      state->handCount[player]++;
        -: 1357:    }
        -: 1358:  else
        -: 1359:    {
    #####: 1360:      state->discard[player][ state->discardCount[player] ] = supplyPos;
    #####: 1361:      state->discardCount[player]++;
        -: 1362:    }
        -: 1363:	
        -: 1364:  //decrease number in supply pile
    #####: 1365:  state->supplyCount[supplyPos]--;
        -: 1366:	 
    #####: 1367:  return 0;
        -: 1368:}
        -: 1369:
    90000: 1370:int updateCoins(int player, struct gameState *state, int bonus)
        -: 1371:{
        -: 1372:  int i;
        -: 1373:	
        -: 1374:  //reset coin count
    90000: 1375:  state->coins = 0;
        -: 1376:
        -: 1377:  //add coins for each Treasure card in player's hand
   540000: 1378:  for (i = 0; i < state->handCount[player]; i++)
        -: 1379:    {
   450000: 1380:      if (state->hand[player][i] == copper)
        -: 1381:	{
   350208: 1382:	  state->coins += 1;
        -: 1383:	}
    99792: 1384:      else if (state->hand[player][i] == silver)
        -: 1385:	{
    #####: 1386:	  state->coins += 2;
        -: 1387:	}
    99792: 1388:      else if (state->hand[player][i] == gold)
        -: 1389:	{
    #####: 1390:	  state->coins += 3;
        -: 1391:	}	
        -: 1392:    }	
        -: 1393:
        -: 1394:  //add bonus
    90000: 1395:  state->coins += bonus;
        -: 1396:
    90000: 1397:  return 0;
        -: 1398:}
        -: 1399:
        -: 1400:
        -: 1401://end of dominion.c
        -: 1402:
